[debug] [2019-11-05T21:35:03.109Z] ----------------------------------------------------------------------
[debug] [2019-11-05T21:35:03.112Z] Command:       C:\Program Files\nodejs\node.exe C:\Users\Avi.AVI-PC\AppData\Roaming\npm\node_modules\firebase-tools\lib\bin\firebase.js deploy
[debug] [2019-11-05T21:35:03.112Z] CLI Version:   7.6.2
[debug] [2019-11-05T21:35:03.112Z] Platform:      win32
[debug] [2019-11-05T21:35:03.112Z] Node Version:  v13.0.1
[debug] [2019-11-05T21:35:03.115Z] Time:          Tue Nov 05 2019 16:35:03 GMT-0500 (Eastern Standard Time)
[debug] [2019-11-05T21:35:03.115Z] ----------------------------------------------------------------------
[debug] [2019-11-05T21:35:03.115Z] 
[debug] [2019-11-05T21:35:03.128Z] > command requires scopes: ["email","openid","https://www.googleapis.com/auth/cloudplatformprojects.readonly","https://www.googleapis.com/auth/firebase","https://www.googleapis.com/auth/cloud-platform"]
[debug] [2019-11-05T21:35:03.129Z] > authorizing via signed-in user
[debug] [2019-11-05T21:35:03.129Z] [iam] checking project aysportfolio for permissions ["firebase.projects.get","firebasehosting.sites.update"]
[debug] [2019-11-05T21:35:03.131Z] >>> HTTP REQUEST POST https://cloudresourcemanager.googleapis.com/v1/projects/aysportfolio:testIamPermissions  

[debug] [2019-11-05T21:35:06.503Z] <<< HTTP RESPONSE 200
[debug] [2019-11-05T21:35:06.505Z] >>> HTTP REQUEST GET https://firebase.googleapis.com/v1beta1/projects/aysportfolio  
 
[debug] [2019-11-05T21:35:17.556Z] Server Error. getaddrinfo ENOTFOUND firebase.googleapis.com
[debug] [2019-11-05T21:35:17.559Z] FirebaseError: Server Error. getaddrinfo ENOTFOUND firebase.googleapis.com
    at Request._callback (C:\Users\Avi.AVI-PC\AppData\Roaming\npm\node_modules\firebase-tools\lib\api.js:30:31)
    at self.callback (C:\Users\Avi.AVI-PC\AppData\Roaming\npm\node_modules\firebase-tools\node_modules\request\request.js:185:22)
    at Request.emit (events.js:210:5)
    at Request.EventEmitter.emit (domain.js:478:20)
    at Request.onRequestError (C:\Users\Avi.AVI-PC\AppData\Roaming\npm\node_modules\firebase-tools\node_modules\request\request.js:881:8)
    at ClientRequest.emit (events.js:215:7)
    at ClientRequest.EventEmitter.emit (domain.js:478:20)
    at TLSSocket.socketErrorListener (_http_client.js:407:9)
    at TLSSocket.emit (events.js:210:5)
    at TLSSocket.EventEmitter.emit (domain.js:478:20)
[error] 
[error] Error: Failed to get Firebase project aysportfolio. Please make sure the project exists and your account has permission to access it.
